TN:
SF:src/app.ts
FN:20,(anonymous_0)
FNF:1
FNH:1
FNDA:1,(anonymous_0)
DA:7,5
DA:9,5
DA:12,5
DA:13,5
DA:14,5
DA:17,5
DA:20,5
DA:21,1
DA:25,5
LF:9
LH:9
BRF:0
BRH:0
end_of_record
TN:
SF:src/controllers/auth.controller.ts
FN:5,(anonymous_0)
FN:11,(anonymous_1)
FNF:2
FNH:2
FNDA:3,(anonymous_0)
FNDA:2,(anonymous_1)
DA:6,3
DA:7,3
DA:8,1
DA:12,2
DA:13,2
DA:14,1
LF:6
LH:6
BRF:0
BRH:0
end_of_record
TN:
SF:src/controllers/session.controller.ts
FN:7,(anonymous_0)
FN:12,(anonymous_1)
FN:29,(anonymous_2)
FN:45,(anonymous_3)
FN:71,(anonymous_4)
FN:91,(anonymous_5)
FN:115,(anonymous_6)
FNF:7
FNH:7
FNDA:1,(anonymous_0)
FNDA:3,(anonymous_1)
FNDA:3,(anonymous_2)
FNDA:4,(anonymous_3)
FNDA:4,(anonymous_4)
FNDA:6,(anonymous_5)
FNDA:3,(anonymous_6)
DA:8,1
DA:9,1
DA:13,3
DA:15,3
DA:16,0
DA:19,3
DA:21,3
DA:22,1
DA:25,2
DA:26,1
DA:30,3
DA:32,3
DA:33,0
DA:36,3
DA:42,1
DA:46,4
DA:47,4
DA:49,4
DA:50,0
DA:53,4
DA:55,4
DA:56,1
DA:58,3
DA:59,0
DA:62,3
DA:68,1
DA:72,4
DA:74,4
DA:75,0
DA:78,4
DA:80,4
DA:81,1
DA:83,3
DA:84,0
DA:87,3
DA:88,1
DA:92,6
DA:94,6
DA:95,0
DA:97,6
DA:98,0
DA:101,6
DA:102,6
DA:104,6
DA:105,1
DA:107,5
DA:108,1
DA:111,4
DA:112,1
DA:116,3
DA:118,3
DA:119,0
DA:121,3
DA:122,0
DA:125,3
DA:126,3
DA:128,3
DA:129,1
DA:131,2
DA:132,0
DA:135,2
DA:136,1
LF:62
LH:51
BRDA:15,0,0,0
BRDA:15,0,1,3
BRDA:21,1,0,1
BRDA:21,1,1,2
BRDA:32,2,0,0
BRDA:32,2,1,3
BRDA:49,3,0,0
BRDA:49,3,1,4
BRDA:55,4,0,1
BRDA:55,4,1,3
BRDA:58,5,0,0
BRDA:58,5,1,3
BRDA:74,6,0,0
BRDA:74,6,1,4
BRDA:80,7,0,1
BRDA:80,7,1,3
BRDA:83,8,0,0
BRDA:83,8,1,3
BRDA:94,9,0,0
BRDA:94,9,1,6
BRDA:97,10,0,0
BRDA:97,10,1,6
BRDA:104,11,0,1
BRDA:104,11,1,5
BRDA:107,12,0,1
BRDA:107,12,1,4
BRDA:118,13,0,0
BRDA:118,13,1,3
BRDA:121,14,0,0
BRDA:121,14,1,3
BRDA:128,15,0,1
BRDA:128,15,1,2
BRDA:131,16,0,0
BRDA:131,16,1,2
BRF:34
BRH:23
end_of_record
TN:
SF:src/controllers/teacher.controller.ts
FN:7,(anonymous_0)
FN:12,(anonymous_1)
FNF:2
FNH:2
FNDA:1,(anonymous_0)
FNDA:3,(anonymous_1)
DA:8,1
DA:9,1
DA:13,3
DA:15,3
DA:16,0
DA:19,3
DA:21,3
DA:22,1
DA:25,2
DA:26,1
LF:10
LH:9
BRDA:15,0,0,0
BRDA:15,0,1,3
BRDA:21,1,0,1
BRDA:21,1,1,2
BRF:4
BRH:3
end_of_record
TN:
SF:src/controllers/user.controller.ts
FN:7,(anonymous_0)
FN:24,(anonymous_1)
FN:41,(anonymous_2)
FNF:3
FNH:3
FNDA:3,(anonymous_0)
FNDA:3,(anonymous_1)
FNDA:2,(anonymous_2)
DA:8,3
DA:10,3
DA:11,0
DA:14,3
DA:16,3
DA:17,1
DA:20,2
DA:21,1
DA:25,3
DA:27,3
DA:28,0
DA:31,3
DA:33,3
DA:34,1
DA:37,2
DA:38,1
DA:42,2
DA:43,2
DA:44,1
DA:47,1
DA:48,0
DA:51,1
DA:52,1
LF:23
LH:20
BRDA:10,0,0,0
BRDA:10,0,1,3
BRDA:16,1,0,1
BRDA:16,1,1,2
BRDA:27,2,0,0
BRDA:27,2,1,3
BRDA:33,3,0,1
BRDA:33,3,1,2
BRDA:42,4,0,2
BRDA:42,4,1,0
BRDA:43,5,0,1
BRDA:43,5,1,1
BRDA:47,6,0,0
BRDA:47,6,1,1
BRF:14
BRH:10
end_of_record
TN:
SF:src/errors/AppError.ts
FN:6,(anonymous_0)
FNF:1
FNH:1
FNDA:61,(anonymous_0)
DA:7,61
DA:10,61
DA:11,61
LF:3
LH:3
BRF:0
BRH:0
end_of_record
TN:
SF:src/middleware/asyncHandler.ts
FN:7,asyncHandler
FN:10,(anonymous_1)
FNF:2
FNH:2
FNDA:72,asyncHandler
FNDA:43,(anonymous_1)
DA:10,72
DA:11,43
LF:2
LH:2
BRF:0
BRH:0
end_of_record
TN:
SF:src/middleware/auth.middleware.ts
FN:8,authMiddleware
FNF:1
FNH:1
FNDA:44,authMiddleware
DA:9,44
DA:11,44
DA:12,4
DA:15,40
DA:17,40
DA:18,1
DA:21,39
DA:23,39
DA:24,1
DA:27,38
DA:28,38
LF:11
LH:11
BRDA:11,0,0,4
BRDA:11,0,1,40
BRDA:17,1,0,1
BRDA:17,1,1,39
BRDA:23,2,0,1
BRDA:23,2,1,38
BRF:6
BRH:6
end_of_record
TN:
SF:src/middleware/error.middleware.ts
FN:8,errorHandler
FNF:1
FNH:1
FNDA:34,errorHandler
DA:14,34
DA:15,33
DA:16,33
DA:19,1
DA:20,1
LF:5
LH:5
BRDA:14,0,0,33
BRDA:14,0,1,1
BRF:2
BRH:2
end_of_record
TN:
SF:src/middleware/validate.middleware.ts
FN:10,validateBody
FN:11,(anonymous_1)
FN:16,(anonymous_2)
FNF:3
FNH:3
FNDA:23,validateBody
FNDA:20,(anonymous_1)
FNDA:7,(anonymous_2)
DA:11,23
DA:12,20
DA:14,20
DA:15,7
DA:17,7
DA:18,7
DA:21,7
DA:22,7
DA:25,13
DA:26,13
LF:10
LH:10
BRDA:14,0,0,7
BRDA:14,0,1,13
BRDA:18,1,0,7
BRDA:18,1,1,0
BRF:4
BRH:3
end_of_record
TN:
SF:src/repositories/session.repository.ts
FN:25,(anonymous_0)
FN:29,(anonymous_1)
FN:33,(anonymous_2)
FN:37,(anonymous_3)
FN:41,(anonymous_4)
FN:45,(anonymous_5)
FN:49,(anonymous_6)
FN:55,(anonymous_7)
FN:61,(anonymous_8)
FNF:9
FNH:9
FNDA:1,(anonymous_0)
FNDA:2,(anonymous_1)
FNDA:8,(anonymous_2)
FNDA:1,(anonymous_3)
FNDA:1,(anonymous_4)
FNDA:1,(anonymous_5)
FNDA:4,(anonymous_6)
FNDA:1,(anonymous_7)
FNDA:1,(anonymous_8)
DA:4,6
DA:26,1
DA:30,2
DA:34,8
DA:38,1
DA:42,1
DA:46,1
DA:50,4
DA:56,1
DA:62,1
DA:68,6
LF:11
LH:11
BRF:0
BRH:0
end_of_record
TN:
SF:src/repositories/teacher.repository.ts
FN:5,(anonymous_0)
FN:11,(anonymous_1)
FNF:2
FNH:2
FNDA:1,(anonymous_0)
FNDA:4,(anonymous_1)
DA:6,1
DA:12,4
DA:16,7
LF:3
LH:3
BRF:0
BRH:0
end_of_record
TN:
SF:src/repositories/user.repository.ts
FN:13,(anonymous_0)
FN:17,(anonymous_1)
FN:21,(anonymous_2)
FN:25,(anonymous_3)
FN:29,(anonymous_4)
FNF:5
FNH:5
FNDA:5,(anonymous_0)
FNDA:16,(anonymous_1)
FNDA:1,(anonymous_2)
FNDA:1,(anonymous_3)
FNDA:1,(anonymous_4)
DA:14,5
DA:18,16
DA:22,1
DA:26,1
DA:30,1
DA:34,8
LF:6
LH:6
BRF:0
BRH:0
end_of_record
TN:
SF:src/routes/index.ts
FN:21,(anonymous_0)
FN:22,(anonymous_1)
FN:25,(anonymous_2)
FN:26,(anonymous_3)
FN:27,(anonymous_4)
FN:28,(anonymous_5)
FN:29,(anonymous_6)
FN:30,(anonymous_7)
FN:31,(anonymous_8)
FN:34,(anonymous_9)
FN:35,(anonymous_10)
FN:38,(anonymous_11)
FN:39,(anonymous_12)
FN:40,(anonymous_13)
FNF:14
FNH:14
FNDA:3,(anonymous_0)
FNDA:2,(anonymous_1)
FNDA:1,(anonymous_2)
FNDA:3,(anonymous_3)
FNDA:3,(anonymous_4)
FNDA:4,(anonymous_5)
FNDA:4,(anonymous_6)
FNDA:6,(anonymous_7)
FNDA:3,(anonymous_8)
FNDA:1,(anonymous_9)
FNDA:3,(anonymous_10)
FNDA:3,(anonymous_11)
FNDA:2,(anonymous_12)
FNDA:3,(anonymous_13)
DA:12,5
DA:15,5
DA:16,5
DA:17,5
DA:18,5
DA:21,5
DA:22,5
DA:25,5
DA:26,5
DA:27,5
DA:28,5
DA:29,5
DA:30,6
DA:31,5
DA:34,5
DA:35,5
DA:38,5
DA:39,5
DA:40,5
LF:19
LH:19
BRF:0
BRH:0
end_of_record
TN:
SF:src/services/auth.service.ts
FN:15,(anonymous_0)
FN:17,(anonymous_1)
FN:40,(anonymous_2)
FNF:3
FNH:3
FNDA:11,(anonymous_0)
FNDA:7,(anonymous_1)
FNDA:4,(anonymous_2)
DA:15,11
DA:18,7
DA:20,7
DA:21,3
DA:24,4
DA:26,4
DA:27,2
DA:30,2
DA:41,4
DA:43,4
DA:44,2
DA:47,2
DA:49,2
DA:57,2
DA:68,6
LF:15
LH:15
BRDA:15,0,0,11
BRDA:20,1,0,3
BRDA:20,1,1,4
BRDA:26,2,0,2
BRDA:26,2,1,2
BRDA:43,3,0,2
BRDA:43,3,1,2
BRF:7
BRH:7
end_of_record
TN:
SF:src/services/session.service.ts
FN:26,toSessionResponse
FN:37,(anonymous_1)
FN:44,(anonymous_2)
FN:50,(anonymous_3)
FN:55,(anonymous_4)
FN:65,(anonymous_5)
FN:79,(anonymous_6)
FN:105,(anonymous_7)
FN:117,(anonymous_8)
FN:139,(anonymous_9)
FN:149,(anonymous_10)
FN:157,(anonymous_11)
FNF:12
FNH:12
FNDA:9,toSessionResponse
FNDA:1,(anonymous_1)
FNDA:26,(anonymous_2)
FNDA:2,(anonymous_3)
FNDA:4,(anonymous_4)
FNDA:7,(anonymous_5)
FNDA:7,(anonymous_6)
FNDA:6,(anonymous_7)
FNDA:8,(anonymous_8)
FNDA:4,(anonymous_9)
FNDA:20,(anonymous_10)
FNDA:5,(anonymous_11)
DA:27,9
DA:37,1
DA:45,26
DA:46,26
DA:47,26
DA:51,2
DA:52,2
DA:56,4
DA:58,4
DA:59,2
DA:62,2
DA:66,7
DA:67,4
DA:69,2
DA:76,2
DA:84,7
DA:86,5
DA:88,5
DA:89,2
DA:92,3
DA:93,3
DA:94,3
DA:95,3
DA:96,3
DA:97,1
DA:98,0
DA:101,2
DA:102,2
DA:106,6
DA:108,4
DA:110,4
DA:111,2
DA:114,2
DA:118,8
DA:120,8
DA:121,2
DA:124,6
DA:126,6
DA:127,2
DA:130,4
DA:132,4
DA:133,2
DA:136,2
DA:140,4
DA:142,4
DA:143,2
DA:146,2
DA:150,20
DA:152,20
DA:153,7
DA:158,5
DA:160,5
DA:161,3
DA:166,6
LF:54
LH:53
BRDA:45,0,0,26
BRDA:46,1,0,26
BRDA:47,2,0,26
BRDA:58,3,0,2
BRDA:58,3,1,2
BRDA:88,4,0,2
BRDA:88,4,1,3
BRDA:93,5,0,2
BRDA:93,5,1,1
BRDA:94,6,0,1
BRDA:94,6,1,2
BRDA:95,7,0,0
BRDA:95,7,1,3
BRDA:96,8,0,1
BRDA:96,8,1,2
BRDA:110,9,0,2
BRDA:110,9,1,2
BRDA:120,10,0,2
BRDA:120,10,1,6
BRDA:126,11,0,2
BRDA:126,11,1,4
BRDA:132,12,0,2
BRDA:132,12,1,2
BRDA:142,13,0,2
BRDA:142,13,1,2
BRDA:152,14,0,7
BRDA:152,14,1,13
BRDA:152,15,0,20
BRDA:152,15,1,19
BRDA:160,16,0,3
BRDA:160,16,1,2
BRF:31
BRH:30
end_of_record
TN:
SF:src/services/teacher.service.ts
FN:6,toTeacherResponse
FN:17,(anonymous_1)
FN:19,(anonymous_2)
FN:24,(anonymous_3)
FNF:4
FNH:4
FNDA:6,toTeacherResponse
FNDA:9,(anonymous_1)
FNDA:2,(anonymous_2)
FNDA:5,(anonymous_3)
DA:7,6
DA:17,9
DA:20,2
DA:21,2
DA:25,5
DA:27,5
DA:28,3
DA:31,2
DA:35,6
LF:9
LH:9
BRDA:17,0,0,9
BRDA:27,1,0,3
BRDA:27,1,1,2
BRF:3
BRH:3
end_of_record
TN:
SF:src/services/user.service.ts
FN:6,toUserResponse
FN:19,(anonymous_1)
FN:21,(anonymous_2)
FN:31,(anonymous_3)
FN:45,(anonymous_4)
FNF:5
FNH:5
FNDA:5,toUserResponse
FNDA:15,(anonymous_1)
FNDA:4,(anonymous_2)
FNDA:6,(anonymous_3)
FNDA:4,(anonymous_4)
DA:7,5
DA:19,15
DA:22,4
DA:24,4
DA:25,2
DA:28,2
DA:32,6
DA:33,3
DA:36,3
DA:38,3
DA:39,1
DA:42,2
DA:46,4
DA:48,4
DA:49,1
DA:52,3
DA:53,1
DA:56,2
DA:57,2
DA:61,6
LF:20
LH:20
BRDA:19,0,0,15
BRDA:24,1,0,2
BRDA:24,1,1,2
BRDA:32,2,0,3
BRDA:32,2,1,3
BRDA:38,3,0,1
BRDA:38,3,1,2
BRDA:48,4,0,1
BRDA:48,4,1,3
BRDA:52,5,0,1
BRDA:52,5,1,2
BRF:11
BRH:11
end_of_record
TN:
SF:src/utils/jwt.util.ts
FN:5,generateToken
FN:9,verifyToken
FNF:2
FNH:2
FNDA:71,generateToken
FNDA:41,verifyToken
DA:3,8
DA:6,71
DA:10,41
DA:11,41
DA:13,2
LF:5
LH:5
BRDA:3,0,0,8
BRDA:3,0,1,0
BRF:2
BRH:1
end_of_record
