TN:
SF:src/App.tsx
FN:12,PrivateRoute
FN:17,App
FNF:2
FNH:2
FNDA:264,PrivateRoute
FNDA:242,App
DA:13,264
DA:14,264
DA:15,121
DA:18,242
DA:70,121
DA:72,242
LF:6
LH:6
BRDA:14,0,0,264
BRDA:14,0,1,0
BRF:2
BRH:1
end_of_record
TN:
SF:src/components/Navbar.tsx
FN:4,Navbar
FN:9,(anonymous_1)
FN:4,(anonymous_2)
FNF:3
FNH:3
FNDA:340,Navbar
FNDA:7,(anonymous_1)
FNDA:121,(anonymous_2)
DA:4,340
DA:5,340
DA:6,340
DA:7,340
DA:9,340
DA:10,7
DA:11,7
DA:14,340
DA:58,121
DA:60,121
LF:10
LH:10
BRDA:23,0,0,264
BRDA:23,0,1,76
BRDA:28,1,0,264
BRDA:28,1,1,152
BRF:4
BRH:4
end_of_record
TN:
SF:src/pages/Login.tsx
FN:6,Login
FN:13,(anonymous_1)
FN:49,(anonymous_2)
FN:62,(anonymous_3)
FN:6,(anonymous_4)
FNF:5
FNH:5
FNDA:894,Login
FNDA:16,(anonymous_1)
FNDA:248,(anonymous_2)
FNDA:144,(anonymous_3)
FNDA:23,(anonymous_4)
DA:6,894
DA:7,894
DA:8,894
DA:9,894
DA:10,894
DA:11,894
DA:13,894
DA:14,16
DA:15,16
DA:16,16
DA:18,16
DA:19,16
DA:20,7
DA:22,9
DA:24,16
DA:28,894
DA:49,248
DA:62,144
DA:86,121
DA:88,121
LF:20
LH:20
BRDA:35,0,0,894
BRDA:35,0,1,18
BRDA:73,1,0,32
BRDA:73,1,1,862
BRF:4
BRH:4
end_of_record
TN:
SF:src/pages/Profile.tsx
FN:8,Profile
FN:18,(anonymous_1)
FN:21,(anonymous_2)
FN:24,(anonymous_3)
FN:45,(anonymous_4)
FN:63,(anonymous_5)
FN:171,(anonymous_6)
FN:8,(anonymous_7)
FNF:8
FNH:7
FNDA:96,Profile
FNDA:38,(anonymous_1)
FNDA:26,(anonymous_2)
FNDA:38,(anonymous_3)
FNDA:7,(anonymous_4)
FNDA:5,(anonymous_5)
FNDA:0,(anonymous_6)
FNDA:19,(anonymous_7)
DA:8,96
DA:9,121
DA:10,96
DA:11,96
DA:12,96
DA:13,96
DA:14,96
DA:15,96
DA:16,96
DA:18,96
DA:19,38
DA:20,38
DA:21,38
DA:24,96
DA:25,38
DA:26,0
DA:28,38
DA:29,38
DA:30,38
DA:31,19
DA:33,19
DA:34,19
DA:36,0
DA:37,0
DA:39,38
DA:40,19
DA:45,96
DA:46,7
DA:47,0
DA:49,7
DA:50,0
DA:53,7
DA:54,7
DA:55,7
DA:56,7
DA:58,0
DA:59,0
DA:63,96
DA:64,5
DA:65,5
DA:66,5
DA:67,5
DA:68,5
DA:69,5
DA:71,0
DA:72,0
DA:74,5
DA:78,96
DA:79,38
DA:86,58
DA:87,0
DA:96,58
DA:171,0
DA:187,121
DA:189,121
LF:55
LH:44
BRDA:25,0,0,0
BRDA:33,1,0,19
BRDA:39,2,0,19
BRDA:46,3,0,0
BRDA:49,4,0,0
BRDA:78,5,0,38
BRDA:86,6,0,0
BRDA:86,7,0,58
BRDA:86,7,1,58
BRDA:90,8,0,0
BRDA:90,8,1,0
BRDA:129,9,0,10
BRDA:129,9,1,48
BRDA:139,10,0,58
BRDA:139,10,1,58
BRDA:139,10,2,48
BRDA:146,11,0,10
BRDA:146,11,1,38
BRDA:148,12,0,48
BRDA:148,12,1,0
BRDA:160,13,0,58
BRDA:160,13,1,0
BRF:22
BRH:14
end_of_record
TN:
SF:src/pages/Register.tsx
FN:7,Register
FN:18,(anonymous_1)
FN:25,(anonymous_2)
FN:7,(anonymous_3)
FNF:4
FNH:4
FNDA:706,Register
FNDA:336,(anonymous_1)
FNDA:8,(anonymous_2)
FNDA:8,(anonymous_3)
DA:7,706
DA:8,706
DA:9,706
DA:15,706
DA:16,706
DA:18,706
DA:19,336
DA:25,706
DA:26,8
DA:27,8
DA:28,8
DA:30,8
DA:31,8
DA:32,7
DA:34,1
DA:36,8
DA:40,706
DA:129,121
DA:131,121
LF:19
LH:19
BRDA:47,0,0,706
BRDA:47,0,1,2
BRDA:116,1,0,16
BRDA:116,1,1,690
BRF:4
BRH:4
end_of_record
TN:
SF:src/pages/SessionDetail.tsx
FN:8,SessionDetail
FN:16,(anonymous_1)
FN:19,(anonymous_2)
FN:22,(anonymous_3)
FN:40,(anonymous_4)
FN:53,(anonymous_5)
FN:66,(anonymous_6)
FN:143,(anonymous_7)
FN:176,(anonymous_8)
FN:8,(anonymous_9)
FNF:10
FNH:8
FNDA:168,SessionDetail
FNDA:56,(anonymous_1)
FNDA:35,(anonymous_2)
FNDA:70,(anonymous_3)
FNDA:7,(anonymous_4)
FNDA:7,(anonymous_5)
FNDA:7,(anonymous_6)
FNDA:0,(anonymous_7)
FNDA:0,(anonymous_8)
FNDA:28,(anonymous_9)
DA:8,168
DA:9,168
DA:10,168
DA:11,168
DA:12,168
DA:13,168
DA:14,168
DA:16,168
DA:17,56
DA:18,56
DA:19,56
DA:22,168
DA:23,70
DA:24,70
DA:25,70
DA:26,35
DA:28,35
DA:29,28
DA:31,7
DA:32,7
DA:34,70
DA:35,42
DA:40,168
DA:41,7
DA:42,0
DA:44,7
DA:45,7
DA:46,7
DA:48,0
DA:49,0
DA:53,168
DA:54,7
DA:55,0
DA:57,7
DA:58,7
DA:59,7
DA:61,0
DA:62,0
DA:66,168
DA:67,7
DA:68,0
DA:71,7
DA:72,7
DA:73,7
DA:75,0
DA:76,0
DA:80,168
DA:81,84
DA:88,84
DA:89,14
DA:98,70
DA:100,70
DA:143,0
DA:176,0
DA:186,121
DA:188,121
LF:56
LH:45
BRDA:28,0,0,28
BRDA:34,1,0,42
BRDA:41,2,0,0
BRDA:54,3,0,0
BRDA:67,4,0,0
BRDA:80,5,0,84
BRDA:88,6,0,14
BRDA:88,7,0,84
BRDA:88,7,1,70
BRDA:92,8,0,14
BRDA:92,8,1,0
BRDA:98,9,0,70
BRDA:98,9,1,70
BRDA:140,10,0,28
BRDA:140,10,1,42
BRDA:157,11,0,14
BRDA:157,11,1,28
BRF:17
BRH:13
end_of_record
TN:
SF:src/pages/SessionForm.tsx
FN:15,SessionForm
FN:32,(anonymous_1)
FN:38,(anonymous_2)
FN:44,(anonymous_3)
FN:47,(anonymous_4)
FN:59,(anonymous_5)
FN:78,(anonymous_6)
FN:88,(anonymous_7)
FN:162,(anonymous_8)
FN:194,(anonymous_9)
FN:15,(anonymous_10)
FNF:11
FNH:10
FNDA:1104,SessionForm
FNDA:573,(anonymous_1)
FNDA:42,(anonymous_2)
FNDA:35,(anonymous_3)
FNDA:42,(anonymous_4)
FNDA:14,(anonymous_5)
FNDA:476,(anonymous_6)
FNDA:21,(anonymous_7)
FNDA:3150,(anonymous_8)
FNDA:0,(anonymous_9)
FNDA:21,(anonymous_10)
DA:15,1104
DA:16,1104
DA:17,1104
DA:18,1104
DA:20,1104
DA:26,1104
DA:27,1104
DA:28,1104
DA:29,1104
DA:32,1104
DA:33,573
DA:34,0
DA:38,1104
DA:39,42
DA:40,42
DA:41,42
DA:42,14
DA:44,42
DA:47,1104
DA:48,42
DA:49,42
DA:50,21
DA:52,21
DA:53,21
DA:55,0
DA:59,1104
DA:60,14
DA:61,14
DA:62,7
DA:63,7
DA:70,7
DA:71,7
DA:73,0
DA:74,0
DA:78,1104
DA:81,476
DA:82,476
DA:88,1104
DA:89,21
DA:90,21
DA:91,21
DA:93,21
DA:94,21
DA:95,7
DA:97,14
DA:99,14
DA:101,7
DA:103,21
DA:107,1104
DA:163,3150
DA:194,0
DA:205,121
DA:207,121
LF:53
LH:48
BRDA:33,0,0,0
BRDA:33,1,0,573
BRDA:33,1,1,573
BRDA:41,2,0,14
BRDA:52,3,0,21
BRDA:70,4,0,7
BRDA:84,5,0,14
BRDA:84,5,1,462
BRDA:94,6,0,7
BRDA:94,6,1,14
BRDA:112,7,0,278
BRDA:112,7,1,826
BRDA:115,8,0,1104
BRDA:115,8,1,14
BRDA:190,9,0,42
BRDA:190,9,1,1062
BRDA:190,10,0,264
BRDA:190,10,1,798
BRF:18
BRH:17
end_of_record
TN:
SF:src/pages/Sessions.tsx
FN:8,Sessions
FN:14,(anonymous_1)
FN:17,(anonymous_2)
FN:20,(anonymous_3)
FN:38,(anonymous_4)
FN:91,(anonymous_5)
FN:119,(anonymous_6)
FNF:7
FNH:7
FNDA:276,Sessions
FNDA:128,(anonymous_1)
FNDA:71,(anonymous_2)
FNDA:133,(anonymous_3)
FNDA:5,(anonymous_4)
FNDA:526,(anonymous_5)
FNDA:5,(anonymous_6)
DA:8,276
DA:9,276
DA:10,276
DA:11,276
DA:12,276
DA:14,276
DA:15,128
DA:16,128
DA:17,128
DA:20,276
DA:21,133
DA:22,133
DA:23,133
DA:24,61
DA:26,72
DA:27,64
DA:29,8
DA:30,8
DA:32,133
DA:33,69
DA:38,276
DA:39,5
DA:40,0
DA:43,5
DA:44,5
DA:45,5
DA:47,0
DA:48,0
DA:52,276
DA:53,138
DA:60,138
DA:61,16
DA:70,122
DA:92,526
DA:119,5
DA:133,121
DA:135,121
LF:37
LH:34
BRDA:26,0,0,64
BRDA:32,1,0,69
BRDA:39,2,0,0
BRDA:52,3,0,138
BRDA:60,4,0,16
BRDA:75,5,0,122
BRDA:75,5,1,92
BRDA:85,6,0,0
BRDA:85,6,1,122
BRDA:117,7,0,526
BRDA:117,7,1,406
BRF:11
BRH:9
end_of_record
TN:
SF:src/services/api.ts
FN:11,(anonymous_0)
FNF:1
FNH:1
FNDA:380,(anonymous_0)
DA:3,121
DA:11,121
DA:12,380
DA:13,380
DA:14,356
DA:16,380
LF:6
LH:6
BRDA:13,0,0,356
BRF:1
BRH:1
end_of_record
TN:
SF:src/services/auth.service.ts
FN:5,(anonymous_0)
FN:14,(anonymous_1)
FN:23,(anonymous_2)
FN:28,(anonymous_3)
FN:36,(anonymous_4)
FN:47,(anonymous_5)
FN:51,(anonymous_6)
FNF:7
FNH:6
FNDA:16,(anonymous_0)
FNDA:8,(anonymous_1)
FNDA:14,(anonymous_2)
FNDA:1984,(anonymous_3)
FNDA:5,(anonymous_4)
FNDA:0,(anonymous_5)
FNDA:604,(anonymous_6)
DA:4,121
DA:6,16
DA:7,7
DA:8,7
DA:9,7
DA:11,7
DA:15,8
DA:16,7
DA:17,7
DA:18,7
DA:20,7
DA:24,14
DA:25,14
DA:29,1984
DA:30,1984
DA:31,1908
DA:33,76
DA:37,5
DA:38,5
DA:39,0
DA:41,5
DA:42,5
DA:43,5
DA:44,5
DA:48,0
DA:52,604
LF:26
LH:24
BRDA:7,0,0,7
BRDA:16,1,0,7
BRDA:30,2,0,1908
BRDA:38,3,0,0
BRF:4
BRH:3
end_of_record
TN:
SF:src/utils/error.ts
FN:7,getErrorMessage
FN:21,isRequestCanceled
FNF:2
FNH:2
FNDA:17,getErrorMessage
FNDA:154,isRequestCanceled
DA:8,17
DA:9,17
DA:10,17
DA:11,14
DA:14,3
DA:22,154
LF:6
LH:6
BRDA:8,0,0,17
BRDA:10,1,0,14
BRF:2
BRH:2
end_of_record
