TN:
SF:src/App.tsx
FN:12,PrivateRoute
FN:17,App
FNF:2
FNH:2
FNDA:2,PrivateRoute
FNDA:2,App
DA:13,2
DA:14,2
DA:18,2
LF:3
LH:3
BRDA:14,0,0,1
BRDA:14,0,1,1
BRF:2
BRH:2
end_of_record
TN:
SF:src/components/Navbar.tsx
FN:4,Navbar
FN:9,(anonymous_1)
FNF:2
FNH:2
FNDA:8,Navbar
FNDA:1,(anonymous_1)
DA:5,8
DA:6,8
DA:7,8
DA:9,8
DA:10,1
DA:11,1
DA:14,8
LF:7
LH:7
BRDA:23,0,0,4
BRDA:23,0,1,4
BRDA:28,1,0,4
BRDA:28,1,1,4
BRF:4
BRH:4
end_of_record
TN:
SF:src/pages/Login.tsx
FN:6,Login
FN:13,(anonymous_1)
FN:49,(anonymous_2)
FN:62,(anonymous_3)
FNF:4
FNH:4
FNDA:55,Login
FNDA:2,(anonymous_1)
FNDA:31,(anonymous_2)
FNDA:16,(anonymous_3)
DA:7,55
DA:8,55
DA:9,55
DA:10,55
DA:11,55
DA:13,55
DA:14,2
DA:15,2
DA:16,2
DA:18,2
DA:19,2
DA:20,1
DA:22,1
DA:24,2
DA:28,55
DA:49,31
DA:62,16
LF:17
LH:17
BRDA:35,0,0,55
BRDA:35,0,1,1
BRDA:73,1,0,2
BRDA:73,1,1,53
BRF:4
BRH:4
end_of_record
TN:
SF:src/pages/Profile.tsx
FN:8,Profile
FN:18,(anonymous_1)
FN:21,(anonymous_2)
FN:24,(anonymous_3)
FN:45,(anonymous_4)
FN:63,(anonymous_5)
FN:171,(anonymous_6)
FNF:7
FNH:6
FNDA:18,Profile
FNDA:7,(anonymous_1)
FNDA:7,(anonymous_2)
FNDA:7,(anonymous_3)
FNDA:3,(anonymous_4)
FNDA:2,(anonymous_5)
FNDA:0,(anonymous_6)
DA:9,18
DA:10,18
DA:11,18
DA:12,18
DA:13,18
DA:14,18
DA:15,18
DA:16,18
DA:18,18
DA:19,7
DA:20,7
DA:21,7
DA:24,18
DA:25,7
DA:26,0
DA:28,7
DA:29,7
DA:30,7
DA:31,6
DA:33,1
DA:34,0
DA:36,1
DA:37,1
DA:39,7
DA:40,7
DA:45,18
DA:46,3
DA:47,0
DA:49,3
DA:50,1
DA:53,2
DA:54,2
DA:55,1
DA:56,1
DA:58,1
DA:59,1
DA:63,18
DA:64,2
DA:65,2
DA:66,2
DA:67,2
DA:68,1
DA:69,1
DA:71,1
DA:72,1
DA:74,2
DA:78,18
DA:79,7
DA:86,11
DA:87,1
DA:96,10
DA:171,0
LF:52
LH:48
BRDA:25,0,0,0
BRDA:25,0,1,7
BRDA:33,1,0,0
BRDA:33,1,1,1
BRDA:39,2,0,7
BRDA:39,2,1,0
BRDA:46,3,0,0
BRDA:46,3,1,3
BRDA:49,4,0,1
BRDA:49,4,1,2
BRDA:78,5,0,7
BRDA:78,5,1,11
BRDA:86,6,0,1
BRDA:86,6,1,10
BRDA:86,7,0,11
BRDA:86,7,1,10
BRDA:90,8,0,1
BRDA:90,8,1,0
BRDA:129,9,0,1
BRDA:129,9,1,9
BRDA:139,10,0,18
BRDA:139,10,1,10
BRDA:139,10,2,9
BRDA:146,11,0,2
BRDA:146,11,1,7
BRDA:148,12,0,9
BRDA:148,12,1,1
BRDA:160,13,0,18
BRDA:160,13,1,0
BRF:29
BRH:23
end_of_record
TN:
SF:src/pages/Register.tsx
FN:7,Register
FN:18,(anonymous_1)
FN:25,(anonymous_2)
FNF:3
FNH:3
FNDA:65,Register
FNDA:58,(anonymous_1)
FNDA:2,(anonymous_2)
DA:8,65
DA:9,65
DA:15,65
DA:16,65
DA:18,65
DA:19,58
DA:25,65
DA:26,2
DA:27,2
DA:28,2
DA:30,2
DA:31,2
DA:32,1
DA:34,1
DA:36,2
DA:40,65
LF:16
LH:16
BRDA:47,0,0,65
BRDA:47,0,1,1
BRDA:116,1,0,2
BRDA:116,1,1,63
BRF:4
BRH:4
end_of_record
TN:
SF:src/pages/SessionDetail.tsx
FN:8,SessionDetail
FN:16,(anonymous_1)
FN:19,(anonymous_2)
FN:22,(anonymous_3)
FN:40,(anonymous_4)
FN:53,(anonymous_5)
FN:66,(anonymous_6)
FN:143,(anonymous_7)
FN:176,(anonymous_8)
FNF:9
FNH:7
FNDA:20,SessionDetail
FNDA:9,(anonymous_1)
FNDA:9,(anonymous_2)
FNDA:11,(anonymous_3)
FNDA:2,(anonymous_4)
FNDA:1,(anonymous_5)
FNDA:2,(anonymous_6)
FNDA:0,(anonymous_7)
FNDA:0,(anonymous_8)
DA:9,20
DA:10,20
DA:11,20
DA:12,20
DA:13,20
DA:14,20
DA:16,20
DA:17,9
DA:18,9
DA:19,9
DA:22,20
DA:23,11
DA:24,11
DA:25,11
DA:26,10
DA:28,1
DA:29,0
DA:31,1
DA:32,1
DA:34,11
DA:35,11
DA:40,20
DA:41,2
DA:42,0
DA:44,2
DA:45,2
DA:46,1
DA:48,1
DA:49,1
DA:53,20
DA:54,1
DA:55,0
DA:57,1
DA:58,1
DA:59,1
DA:61,0
DA:62,0
DA:66,20
DA:67,2
DA:68,0
DA:71,2
DA:72,2
DA:73,1
DA:75,1
DA:76,1
DA:80,20
DA:81,9
DA:88,11
DA:89,2
DA:98,9
DA:100,20
DA:143,0
DA:176,0
LF:53
LH:45
BRDA:28,0,0,0
BRDA:28,0,1,1
BRDA:34,1,0,11
BRDA:34,1,1,0
BRDA:41,2,0,0
BRDA:41,2,1,2
BRDA:54,3,0,0
BRDA:54,3,1,1
BRDA:67,4,0,0
BRDA:67,4,1,2
BRDA:80,5,0,9
BRDA:80,5,1,11
BRDA:88,6,0,2
BRDA:88,6,1,9
BRDA:88,7,0,11
BRDA:88,7,1,10
BRDA:92,8,0,2
BRDA:92,8,1,1
BRDA:98,9,0,9
BRDA:98,9,1,9
BRDA:140,10,0,3
BRDA:140,10,1,6
BRDA:157,11,0,2
BRDA:157,11,1,4
BRF:24
BRH:19
end_of_record
TN:
SF:src/pages/SessionForm.tsx
FN:15,SessionForm
FN:32,(anonymous_1)
FN:38,(anonymous_2)
FN:44,(anonymous_3)
FN:47,(anonymous_4)
FN:59,(anonymous_5)
FN:78,(anonymous_6)
FN:88,(anonymous_7)
FN:162,(anonymous_8)
FN:194,(anonymous_9)
FNF:10
FNH:9
FNDA:25,SessionForm
FNDA:25,(anonymous_1)
FNDA:5,(anonymous_2)
FNDA:5,(anonymous_3)
FNDA:5,(anonymous_4)
FNDA:2,(anonymous_5)
FNDA:9,(anonymous_6)
FNDA:3,(anonymous_7)
FNDA:40,(anonymous_8)
FNDA:0,(anonymous_9)
DA:16,25
DA:17,25
DA:18,25
DA:20,25
DA:26,25
DA:27,25
DA:28,25
DA:29,25
DA:32,25
DA:33,25
DA:34,0
DA:38,25
DA:39,5
DA:40,5
DA:41,5
DA:42,2
DA:44,5
DA:47,25
DA:48,5
DA:49,5
DA:50,5
DA:52,0
DA:53,0
DA:55,0
DA:59,25
DA:60,2
DA:61,2
DA:62,1
DA:63,1
DA:70,1
DA:71,0
DA:73,1
DA:74,1
DA:78,25
DA:81,9
DA:82,9
DA:88,25
DA:89,3
DA:90,3
DA:91,3
DA:93,3
DA:94,3
DA:95,1
DA:97,2
DA:99,2
DA:101,1
DA:103,3
DA:107,25
DA:163,40
DA:194,0
LF:50
LH:44
BRDA:33,0,0,0
BRDA:33,0,1,25
BRDA:33,1,0,25
BRDA:33,1,1,25
BRDA:41,2,0,2
BRDA:41,2,1,3
BRDA:52,3,0,0
BRDA:52,3,1,0
BRDA:70,4,0,0
BRDA:70,4,1,1
BRDA:84,5,0,2
BRDA:84,5,1,7
BRDA:94,6,0,1
BRDA:94,6,1,2
BRDA:112,7,0,7
BRDA:112,7,1,18
BRDA:115,8,0,25
BRDA:115,8,1,2
BRDA:190,9,0,3
BRDA:190,9,1,22
BRDA:190,10,0,6
BRDA:190,10,1,16
BRF:22
BRH:18
end_of_record
TN:
SF:src/pages/Sessions.tsx
FN:8,Sessions
FN:14,(anonymous_1)
FN:17,(anonymous_2)
FN:20,(anonymous_3)
FN:38,(anonymous_4)
FN:91,(anonymous_5)
FN:119,(anonymous_6)
FNF:7
FNH:7
FNDA:15,Sessions
FNDA:7,(anonymous_1)
FNDA:7,(anonymous_2)
FNDA:8,(anonymous_3)
FNDA:2,(anonymous_4)
FNDA:12,(anonymous_5)
FNDA:2,(anonymous_6)
DA:9,15
DA:10,15
DA:11,15
DA:12,15
DA:14,15
DA:15,7
DA:16,7
DA:17,7
DA:20,15
DA:21,8
DA:22,8
DA:23,8
DA:24,7
DA:26,1
DA:27,0
DA:29,1
DA:30,1
DA:32,8
DA:33,8
DA:38,15
DA:39,2
DA:40,1
DA:43,1
DA:44,1
DA:45,1
DA:47,0
DA:48,0
DA:52,15
DA:53,7
DA:60,8
DA:61,1
DA:70,7
DA:92,12
DA:119,2
LF:34
LH:31
BRDA:26,0,0,0
BRDA:26,0,1,1
BRDA:32,1,0,8
BRDA:32,1,1,0
BRDA:39,2,0,1
BRDA:39,2,1,1
BRDA:52,3,0,7
BRDA:52,3,1,8
BRDA:60,4,0,1
BRDA:60,4,1,7
BRDA:75,5,0,7
BRDA:75,5,1,5
BRDA:85,6,0,1
BRDA:85,6,1,6
BRDA:117,7,0,12
BRDA:117,7,1,8
BRF:16
BRH:14
end_of_record
TN:
SF:src/services/api.ts
FN:11,(anonymous_0)
FNF:1
FNH:1
FNDA:2,(anonymous_0)
DA:3,2
DA:11,2
DA:12,2
DA:13,2
DA:14,1
DA:16,2
LF:6
LH:6
BRDA:13,0,0,1
BRDA:13,0,1,1
BRF:2
BRH:2
end_of_record
TN:
SF:src/services/auth.service.ts
FN:5,(anonymous_0)
FN:14,(anonymous_1)
FN:23,(anonymous_2)
FN:28,(anonymous_3)
FN:36,(anonymous_4)
FN:47,(anonymous_5)
FN:51,(anonymous_6)
FNF:7
FNH:7
FNDA:4,(anonymous_0)
FNDA:4,(anonymous_1)
FNDA:3,(anonymous_2)
FNDA:88,(anonymous_3)
FNDA:3,(anonymous_4)
FNDA:2,(anonymous_5)
FNDA:12,(anonymous_6)
DA:4,9
DA:6,4
DA:7,3
DA:8,2
DA:9,2
DA:11,3
DA:15,4
DA:16,3
DA:17,2
DA:18,2
DA:20,3
DA:24,3
DA:25,3
DA:29,88
DA:30,88
DA:31,83
DA:33,5
DA:37,3
DA:38,3
DA:39,1
DA:41,2
DA:42,2
DA:43,2
DA:44,2
DA:48,2
DA:52,12
LF:26
LH:26
BRDA:7,0,0,2
BRDA:7,0,1,1
BRDA:16,1,0,2
BRDA:16,1,1,1
BRDA:30,2,0,83
BRDA:30,2,1,5
BRDA:38,3,0,1
BRDA:38,3,1,2
BRF:8
BRH:8
end_of_record
TN:
SF:src/utils/error.ts
FN:7,getErrorMessage
FN:21,isRequestCanceled
FNF:2
FNH:2
FNDA:6,getErrorMessage
FNDA:6,isRequestCanceled
DA:8,6
DA:9,5
DA:10,5
DA:11,4
DA:14,2
DA:22,6
LF:6
LH:6
BRDA:8,0,0,5
BRDA:8,0,1,1
BRDA:10,1,0,4
BRDA:10,1,1,1
BRF:4
BRH:4
end_of_record
